<?xml version="1.0" encoding="UTF-8"?>
<!-- Generated by org.testng.reporters.JUnitReportReporter -->
<testsuite skipped="0" hostname="E7841-Tech" name="pageObjects.Login" tests="2" failures="0" timestamp="15 Nov 2019 05:18:53 GMT" time="23.819" errors="0">
  <testcase name="login" time="9.776" classname="pageObjects.Login"/>
  <testcase name="logOut" time="14.043" classname="pageObjects.Login"/>
</testsuite> <!-- pageObjects.Login -->
